{"C:\\Users\\JMCR-\\Documents\\Assessment\\agenda-backend\\src\\controllers\\userController.ts": {"path":"C:\\Users\\JMCR-\\Documents\\Assessment\\agenda-backend\\src\\controllers\\userController.ts","statementMap":{"0":{"start":{"line":2,"column":0},"end":{"line":2,"column":42}},"1":{"start":{"line":6,"column":4},"end":{"line":14,"column":5}},"2":{"start":{"line":7,"column":22},"end":{"line":7,"column":38}},"3":{"start":{"line":8,"column":27},"end":{"line":8,"column":42}},"4":{"start":{"line":9,"column":22},"end":{"line":9,"column":132}},"5":{"start":{"line":10,"column":8},"end":{"line":10,"column":null}},"6":{"start":{"line":12,"column":8},"end":{"line":12,"column":54}},"7":{"start":{"line":13,"column":8},"end":{"line":13,"column":65}},"8":{"start":{"line":5,"column":0},"end":{"line":5,"column":22}},"9":{"start":{"line":18,"column":4},"end":{"line":26,"column":5}},"10":{"start":{"line":19,"column":23},"end":{"line":19,"column":39}},"11":{"start":{"line":20,"column":27},"end":{"line":20,"column":42}},"12":{"start":{"line":21,"column":8},"end":{"line":21,"column":89}},"13":{"start":{"line":22,"column":8},"end":{"line":22,"column":75}},"14":{"start":{"line":24,"column":8},"end":{"line":24,"column":53}},"15":{"start":{"line":25,"column":8},"end":{"line":25,"column":65}},"16":{"start":{"line":17,"column":0},"end":{"line":17,"column":22}},"17":{"start":{"line":30,"column":4},"end":{"line":38,"column":5}},"18":{"start":{"line":31,"column":27},"end":{"line":31,"column":35}},"19":{"start":{"line":32,"column":27},"end":{"line":32,"column":42}},"20":{"start":{"line":33,"column":8},"end":{"line":33,"column":76}},"21":{"start":{"line":34,"column":8},"end":{"line":34,"column":80}},"22":{"start":{"line":36,"column":8},"end":{"line":36,"column":53}},"23":{"start":{"line":37,"column":8},"end":{"line":37,"column":65}},"24":{"start":{"line":29,"column":0},"end":{"line":29,"column":22}},"25":{"start":{"line":42,"column":4},"end":{"line":50,"column":5}},"26":{"start":{"line":43,"column":23},"end":{"line":43,"column":40}},"27":{"start":{"line":44,"column":27},"end":{"line":44,"column":42}},"28":{"start":{"line":45,"column":21},"end":{"line":45,"column":103}},"29":{"start":{"line":46,"column":8},"end":{"line":46,"column":38}},"30":{"start":{"line":48,"column":8},"end":{"line":48,"column":59}},"31":{"start":{"line":49,"column":8},"end":{"line":49,"column":65}},"32":{"start":{"line":41,"column":0},"end":{"line":41,"column":22}},"33":{"start":{"line":54,"column":4},"end":{"line":66,"column":5}},"34":{"start":{"line":55,"column":27},"end":{"line":55,"column":35}},"35":{"start":{"line":56,"column":27},"end":{"line":56,"column":42}},"36":{"start":{"line":57,"column":8},"end":{"line":60,"column":10}},"37":{"start":{"line":61,"column":8},"end":{"line":61,"column":80}},"38":{"start":{"line":64,"column":8},"end":{"line":64,"column":53}},"39":{"start":{"line":65,"column":8},"end":{"line":65,"column":65}},"40":{"start":{"line":53,"column":0},"end":{"line":53,"column":22}}},"fnMap":{"0":{"name":"getUsers","decl":{"start":{"line":5,"column":22},"end":{"line":5,"column":30}},"loc":{"start":{"line":5,"column":58},"end":{"line":15,"column":null}}},"1":{"name":"deleteUser","decl":{"start":{"line":17,"column":22},"end":{"line":17,"column":32}},"loc":{"start":{"line":17,"column":60},"end":{"line":27,"column":null}}},"2":{"name":"createUser","decl":{"start":{"line":29,"column":22},"end":{"line":29,"column":32}},"loc":{"start":{"line":29,"column":60},"end":{"line":39,"column":null}}},"3":{"name":"getUserById","decl":{"start":{"line":41,"column":22},"end":{"line":41,"column":33}},"loc":{"start":{"line":41,"column":61},"end":{"line":51,"column":null}}},"4":{"name":"updateUser","decl":{"start":{"line":53,"column":22},"end":{"line":53,"column":32}},"loc":{"start":{"line":53,"column":60},"end":{"line":67,"column":null}}}},"branchMap":{"0":{"loc":{"start":{"line":59,"column":51},"end":{"line":59,"column":69}},"type":"cond-expr","locations":[{"start":{"line":59,"column":55},"end":{"line":59,"column":57}},{"start":{"line":59,"column":51},"end":{"line":59,"column":69}}]},"1":{"loc":{"start":{"line":59,"column":51},"end":{"line":59,"column":57}},"type":"binary-expr","locations":[{"start":{"line":59,"column":51},"end":{"line":59,"column":57}},{"start":{"line":59,"column":51},"end":{"line":59,"column":57}}]}},"s":{"0":2,"1":2,"2":2,"3":2,"4":2,"5":2,"6":0,"7":0,"8":2,"9":2,"10":2,"11":2,"12":2,"13":2,"14":0,"15":0,"16":2,"17":0,"18":0,"19":0,"20":0,"21":0,"22":0,"23":0,"24":2,"25":0,"26":0,"27":0,"28":0,"29":0,"30":0,"31":0,"32":2,"33":0,"34":0,"35":0,"36":0,"37":0,"38":0,"39":0,"40":2},"f":{"0":2,"1":2,"2":0,"3":0,"4":0},"b":{"0":[0,0],"1":[0,0]}}
,"C:\\Users\\JMCR-\\Documents\\Assessment\\agenda-backend\\src\\models\\database.ts": {"path":"C:\\Users\\JMCR-\\Documents\\Assessment\\agenda-backend\\src\\models\\database.ts","statementMap":{"0":{"start":{"line":1,"column":0},"end":{"line":1,"column":44}},"1":{"start":{"line":4,"column":23},"end":{"line":11,"column":6}},"2":{"start":{"line":12,"column":4},"end":{"line":12,"column":22}},"3":{"start":{"line":3,"column":0},"end":{"line":3,"column":22}}},"fnMap":{"0":{"name":"connect","decl":{"start":{"line":3,"column":22},"end":{"line":3,"column":29}},"loc":{"start":{"line":3,"column":29},"end":{"line":13,"column":null}}}},"branchMap":{},"s":{"0":2,"1":4,"2":4,"3":2},"f":{"0":4},"b":{}}
}
