TN:
SF:src\controllers\userController.ts
FN:5,getUsers
FN:17,deleteUser
FN:29,createUser
FN:41,getUserById
FN:53,updateUser
FNF:5
FNH:2
FNDA:2,getUsers
FNDA:2,deleteUser
FNDA:0,createUser
FNDA:0,getUserById
FNDA:0,updateUser
DA:2,2
DA:5,2
DA:6,2
DA:7,2
DA:8,2
DA:9,2
DA:10,2
DA:12,0
DA:13,0
DA:17,2
DA:18,2
DA:19,2
DA:20,2
DA:21,2
DA:22,2
DA:24,0
DA:25,0
DA:29,2
DA:30,0
DA:31,0
DA:32,0
DA:33,0
DA:34,0
DA:36,0
DA:37,0
DA:41,2
DA:42,0
DA:43,0
DA:44,0
DA:45,0
DA:46,0
DA:48,0
DA:49,0
DA:53,2
DA:54,0
DA:55,0
DA:56,0
DA:57,0
DA:61,0
DA:64,0
DA:65,0
LF:41
LH:16
BRDA:59,0,0,0
BRDA:59,0,1,0
BRDA:59,1,0,0
BRDA:59,1,1,0
BRF:4
BRH:0
end_of_record
TN:
SF:src\models\database.ts
FN:3,connect
FNF:1
FNH:1
FNDA:4,connect
DA:1,2
DA:3,2
DA:4,4
DA:12,4
LF:4
LH:4
BRF:0
BRH:0
end_of_record
